[2022-02-07 14:05:00.080] [exthost] [info] Extension host with pid 56275 started
[2022-02-07 14:05:00.119] [exthost] [info] ExtensionService#_doActivateExtension vscode.microsoft-authentication, startup: false, activationEvent: 'onAuthenticationRequest:microsoft'
[2022-02-07 14:05:00.203] [exthost] [info] ExtensionService#_doActivateExtension vscode.debug-auto-launch, startup: true, activationEvent: '*'
[2022-02-07 14:05:00.254] [exthost] [info] ExtensionService#_doActivateExtension vscode.git-base, startup: true, activationEvent: '*', root cause: vscode.github
[2022-02-07 14:05:00.304] [exthost] [info] ExtensionService#_doActivateExtension vscode.git, startup: true, activationEvent: '*'
[2022-02-07 14:05:00.607] [exthost] [info] ExtensionService#_doActivateExtension vscode.github, startup: true, activationEvent: '*'
[2022-02-07 14:05:00.765] [exthost] [info] ExtensionService#_doActivateExtension vscode.github-authentication, startup: false, activationEvent: 'onAuthenticationRequest:github'
[2022-02-07 14:05:01.090] [exthost] [info] Eager extensions activated
[2022-02-07 14:05:01.099] [exthost] [info] ExtensionService#_doActivateExtension vscode.emmet, startup: false, activationEvent: 'onStartupFinished'
[2022-02-07 14:05:01.129] [exthost] [info] ExtensionService#_doActivateExtension vscode.merge-conflict, startup: false, activationEvent: 'onStartupFinished'
[2022-02-07 14:05:11.828] [exthost] [info] extension host terminating: renderer closed the socket
[2022-02-07 14:05:11.831] [exthost] [info] Extension host with pid 56275 exiting with code 0
[2022-02-07 14:05:13.319] [exthost] [info] Extension host with pid 56416 started
[2022-02-07 14:05:13.319] [exthost] [info] Skipping acquiring lock for /home/anniel/Frontend/Vue-projects/movie-app/~/.vscode-root/User/workspaceStorage/5be6e23fdddbe6b7b8b943e07d43a94c.
[2022-02-07 14:05:13.352] [exthost] [info] ExtensionService#_doActivateExtension vscode.microsoft-authentication, startup: false, activationEvent: 'onAuthenticationRequest:microsoft'
[2022-02-07 14:05:13.395] [exthost] [info] ExtensionService#_doActivateExtension vscode.debug-auto-launch, startup: true, activationEvent: '*'
[2022-02-07 14:05:13.397] [exthost] [info] ExtensionService#_doActivateExtension vscode.git-base, startup: true, activationEvent: '*', root cause: vscode.github
[2022-02-07 14:05:13.399] [exthost] [info] ExtensionService#_doActivateExtension vscode.npm, startup: true, activationEvent: 'workspaceContains:package.json'
[2022-02-07 14:05:13.553] [exthost] [info] ExtensionService#_doActivateExtension vscode.github, startup: true, activationEvent: '*'
[2022-02-07 14:05:13.734] [exthost] [info] ExtensionService#_doActivateExtension vscode.github-authentication, startup: false, activationEvent: 'onAuthenticationRequest:github'
[2022-02-07 14:05:14.570] [exthost] [info] Eager extensions activated
[2022-02-07 14:05:14.573] [exthost] [info] ExtensionService#_doActivateExtension vscode.emmet, startup: false, activationEvent: 'onStartupFinished'
[2022-02-07 14:05:14.585] [exthost] [info] ExtensionService#_doActivateExtension vscode.merge-conflict, startup: false, activationEvent: 'onStartupFinished'
[2022-02-07 14:05:19.598] [exthost] [info] ExtensionService#_doActivateExtension vscode.git, startup: false, activationEvent: 'api', root cause: vscode.github
[2022-02-07 14:05:23.149] [exthost] [info] ExtensionService#_doActivateExtension octref.vetur, startup: false, activationEvent: 'onLanguage:vue'
[2022-02-07 14:11:07.372] [exthost] [info] ExtensionService#_doActivateExtension vscode.configuration-editing, startup: false, activationEvent: 'onLanguage:json'
[2022-02-07 14:11:07.379] [exthost] [info] ExtensionService#_doActivateExtension vscode.extension-editing, startup: false, activationEvent: 'onLanguage:json'
[2022-02-07 14:11:07.394] [exthost] [info] ExtensionService#_doActivateExtension vscode.json-language-features, startup: false, activationEvent: 'onLanguage:json'
[2022-02-07 14:19:28.394] [exthost] [info] ExtensionService#_doActivateExtension vscode.typescript-language-features, startup: false, activationEvent: 'onLanguage:javascript'
[2022-02-07 15:05:41.778] [exthost] [warning] [Decorations] CAPPING events from decorations provider vscode.git 252
[2022-02-07 15:05:46.867] [exthost] [warning] [Decorations] CAPPING events from decorations provider vscode.git 252
[2022-02-07 15:05:51.914] [exthost] [warning] [Decorations] CAPPING events from decorations provider vscode.git 252
[2022-02-07 15:05:56.977] [exthost] [warning] [Decorations] CAPPING events from decorations provider vscode.git 252
[2022-02-07 15:06:02.021] [exthost] [warning] [Decorations] CAPPING events from decorations provider vscode.git 252
[2022-02-07 15:07:04.105] [exthost] [warning] [Decorations] CAPPING events from decorations provider vscode.git 252
[2022-02-07 15:07:51.823] [exthost] [warning] [Decorations] CAPPING events from decorations provider vscode.git 252
[2022-02-07 15:07:56.865] [exthost] [warning] [Decorations] CAPPING events from decorations provider vscode.git 252
[2022-02-07 15:08:01.915] [exthost] [warning] [Decorations] CAPPING events from decorations provider vscode.git 252
[2022-02-07 15:08:06.960] [exthost] [warning] [Decorations] CAPPING events from decorations provider vscode.git 252
[2022-02-07 15:08:11.996] [exthost] [warning] [Decorations] CAPPING events from decorations provider vscode.git 252
[2022-02-07 15:08:17.039] [exthost] [warning] [Decorations] CAPPING events from decorations provider vscode.git 252
[2022-02-07 15:08:22.084] [exthost] [warning] [Decorations] CAPPING events from decorations provider vscode.git 252
[2022-02-07 15:08:27.127] [exthost] [warning] [Decorations] CAPPING events from decorations provider vscode.git 252
[2022-02-07 15:08:32.178] [exthost] [warning] [Decorations] CAPPING events from decorations provider vscode.git 252
[2022-02-07 15:08:37.225] [exthost] [warning] [Decorations] CAPPING events from decorations provider vscode.git 252
[2022-02-07 15:08:42.274] [exthost] [warning] [Decorations] CAPPING events from decorations provider vscode.git 252
[2022-02-07 15:08:47.307] [exthost] [warning] [Decorations] CAPPING events from decorations provider vscode.git 252
[2022-02-07 15:08:53.477] [exthost] [warning] [Decorations] CAPPING events from decorations provider vscode.git 252
[2022-02-07 15:08:58.519] [exthost] [warning] [Decorations] CAPPING events from decorations provider vscode.git 252
[2022-02-07 15:09:21.757] [exthost] [warning] [Decorations] CAPPING events from decorations provider vscode.git 252
[2022-02-07 15:09:26.803] [exthost] [warning] [Decorations] CAPPING events from decorations provider vscode.git 252
[2022-02-07 15:10:11.666] [exthost] [warning] [Decorations] CAPPING events from decorations provider vscode.git 252
[2022-02-07 15:10:16.721] [exthost] [warning] [Decorations] CAPPING events from decorations provider vscode.git 252
[2022-02-07 15:10:21.769] [exthost] [warning] [Decorations] CAPPING events from decorations provider vscode.git 252
[2022-02-07 15:10:26.814] [exthost] [warning] [Decorations] CAPPING events from decorations provider vscode.git 252
[2022-02-07 15:10:31.856] [exthost] [warning] [Decorations] CAPPING events from decorations provider vscode.git 252
[2022-02-07 15:10:36.907] [exthost] [warning] [Decorations] CAPPING events from decorations provider vscode.git 252
[2022-02-07 15:10:41.949] [exthost] [warning] [Decorations] CAPPING events from decorations provider vscode.git 252
[2022-02-07 15:10:46.994] [exthost] [warning] [Decorations] CAPPING events from decorations provider vscode.git 252
[2022-02-07 15:11:03.236] [exthost] [warning] [Decorations] CAPPING events from decorations provider vscode.git 252
[2022-02-07 15:11:08.274] [exthost] [warning] [Decorations] CAPPING events from decorations provider vscode.git 252
[2022-02-07 15:11:13.316] [exthost] [warning] [Decorations] CAPPING events from decorations provider vscode.git 252
[2022-02-07 15:11:37.316] [exthost] [warning] [Decorations] CAPPING events from decorations provider vscode.git 252
[2022-02-07 15:11:42.363] [exthost] [warning] [Decorations] CAPPING events from decorations provider vscode.git 252
[2022-02-07 15:11:47.406] [exthost] [warning] [Decorations] CAPPING events from decorations provider vscode.git 252
[2022-02-07 15:11:52.449] [exthost] [warning] [Decorations] CAPPING events from decorations provider vscode.git 252
[2022-02-07 15:11:57.488] [exthost] [warning] [Decorations] CAPPING events from decorations provider vscode.git 252
[2022-02-07 15:12:08.288] [exthost] [warning] [Decorations] CAPPING events from decorations provider vscode.git 252
[2022-02-07 15:12:13.330] [exthost] [warning] [Decorations] CAPPING events from decorations provider vscode.git 252
[2022-02-07 15:12:18.369] [exthost] [warning] [Decorations] CAPPING events from decorations provider vscode.git 252
[2022-02-07 15:12:23.413] [exthost] [warning] [Decorations] CAPPING events from decorations provider vscode.git 252
[2022-02-07 15:12:28.455] [exthost] [warning] [Decorations] CAPPING events from decorations provider vscode.git 252
[2022-02-07 15:12:33.498] [exthost] [warning] [Decorations] CAPPING events from decorations provider vscode.git 252
[2022-02-07 15:12:38.545] [exthost] [warning] [Decorations] CAPPING events from decorations provider vscode.git 252
[2022-02-07 15:12:43.592] [exthost] [warning] [Decorations] CAPPING events from decorations provider vscode.git 252
[2022-02-07 15:12:48.644] [exthost] [warning] [Decorations] CAPPING events from decorations provider vscode.git 252
[2022-02-07 15:12:53.701] [exthost] [warning] [Decorations] CAPPING events from decorations provider vscode.git 252
[2022-02-07 15:13:01.814] [exthost] [warning] [Decorations] CAPPING events from decorations provider vscode.git 252
[2022-02-07 15:13:06.851] [exthost] [warning] [Decorations] CAPPING events from decorations provider vscode.git 252
[2022-02-07 15:13:13.410] [exthost] [warning] [Decorations] CAPPING events from decorations provider vscode.git 252
[2022-02-07 15:13:26.410] [exthost] [warning] [Decorations] CAPPING events from decorations provider vscode.git 252
[2022-02-07 15:14:13.845] [exthost] [warning] [Decorations] CAPPING events from decorations provider vscode.git 252
[2022-02-07 15:14:18.893] [exthost] [warning] [Decorations] CAPPING events from decorations provider vscode.git 252
[2022-02-07 15:14:43.188] [exthost] [warning] [Decorations] CAPPING events from decorations provider vscode.git 252
[2022-02-07 15:14:48.231] [exthost] [warning] [Decorations] CAPPING events from decorations provider vscode.git 252
[2022-02-07 15:14:53.277] [exthost] [warning] [Decorations] CAPPING events from decorations provider vscode.git 252
[2022-02-07 15:14:58.318] [exthost] [warning] [Decorations] CAPPING events from decorations provider vscode.git 252
[2022-02-07 15:15:03.364] [exthost] [warning] [Decorations] CAPPING events from decorations provider vscode.git 252
[2022-02-07 15:15:25.513] [exthost] [warning] [Decorations] CAPPING events from decorations provider vscode.git 252
[2022-02-07 15:15:30.564] [exthost] [warning] [Decorations] CAPPING events from decorations provider vscode.git 252
[2022-02-07 15:15:35.602] [exthost] [warning] [Decorations] CAPPING events from decorations provider vscode.git 252
[2022-02-07 15:15:40.645] [exthost] [warning] [Decorations] CAPPING events from decorations provider vscode.git 252
[2022-02-07 15:15:53.840] [exthost] [warning] [Decorations] CAPPING events from decorations provider vscode.git 252
[2022-02-07 15:15:58.873] [exthost] [warning] [Decorations] CAPPING events from decorations provider vscode.git 252
[2022-02-07 15:16:03.918] [exthost] [warning] [Decorations] CAPPING events from decorations provider vscode.git 252
[2022-02-07 15:16:05.050] [exthost] [info] ExtensionService#_doActivateExtension vscode.markdown-language-features, startup: false, activationEvent: 'onLanguage:markdown'
[2022-02-07 15:16:06.059] [exthost] [info] ExtensionService#_doActivateExtension vscode.markdown-math, startup: false, activationEvent: 'api', root cause: vscode.markdown-language-features
[2022-02-07 15:16:09.713] [exthost] [warning] [Decorations] CAPPING events from decorations provider vscode.git 252
[2022-02-07 15:16:14.753] [exthost] [warning] [Decorations] CAPPING events from decorations provider vscode.git 252
[2022-02-07 15:16:20.785] [exthost] [warning] [Decorations] CAPPING events from decorations provider vscode.git 255
[2022-02-07 15:16:25.828] [exthost] [warning] [Decorations] CAPPING events from decorations provider vscode.git 255
[2022-02-07 15:16:30.877] [exthost] [warning] [Decorations] CAPPING events from decorations provider vscode.git 255
[2022-02-07 15:16:35.944] [exthost] [warning] [Decorations] CAPPING events from decorations provider vscode.git 255
[2022-02-07 15:16:40.975] [exthost] [warning] [Decorations] CAPPING events from decorations provider vscode.git 255
[2022-02-07 15:16:46.015] [exthost] [warning] [Decorations] CAPPING events from decorations provider vscode.git 255
[2022-02-07 15:18:17.929] [exthost] [warning] [Decorations] CAPPING events from decorations provider vscode.git 255
[2022-02-07 15:18:22.976] [exthost] [warning] [Decorations] CAPPING events from decorations provider vscode.git 255
[2022-02-07 15:18:31.034] [exthost] [warning] [Decorations] CAPPING events from decorations provider vscode.git 255
[2022-02-07 15:18:36.070] [exthost] [warning] [Decorations] CAPPING events from decorations provider vscode.git 255
[2022-02-07 15:18:41.108] [exthost] [warning] [Decorations] CAPPING events from decorations provider vscode.git 255
[2022-02-07 15:18:46.146] [exthost] [warning] [Decorations] CAPPING events from decorations provider vscode.git 255
[2022-02-07 15:18:51.183] [exthost] [warning] [Decorations] CAPPING events from decorations provider vscode.git 255
[2022-02-07 15:18:56.220] [exthost] [warning] [Decorations] CAPPING events from decorations provider vscode.git 255
[2022-02-07 15:19:01.266] [exthost] [warning] [Decorations] CAPPING events from decorations provider vscode.git 255
[2022-02-07 15:19:06.310] [exthost] [warning] [Decorations] CAPPING events from decorations provider vscode.git 255
[2022-02-07 15:20:29.740] [exthost] [warning] [Decorations] CAPPING events from decorations provider vscode.git 255
[2022-02-07 15:20:34.801] [exthost] [warning] [Decorations] CAPPING events from decorations provider vscode.git 255
[2022-02-07 15:20:39.846] [exthost] [warning] [Decorations] CAPPING events from decorations provider vscode.git 255
[2022-02-07 15:20:44.892] [exthost] [warning] [Decorations] CAPPING events from decorations provider vscode.git 255
[2022-02-07 15:20:49.927] [exthost] [warning] [Decorations] CAPPING events from decorations provider vscode.git 255
[2022-02-07 15:20:54.974] [exthost] [warning] [Decorations] CAPPING events from decorations provider vscode.git 255
[2022-02-07 15:21:00.029] [exthost] [warning] [Decorations] CAPPING events from decorations provider vscode.git 255
[2022-02-07 15:23:44.183] [exthost] [warning] [Decorations] CAPPING events from decorations provider vscode.git 255
[2022-02-07 15:23:48.709] [exthost] [info] ExtensionService#_doActivateExtension vscode.html-language-features, startup: false, activationEvent: 'onLanguage:html'
[2022-02-07 15:23:49.295] [exthost] [warning] [Decorations] CAPPING events from decorations provider vscode.git 256
[2022-02-07 15:23:54.343] [exthost] [warning] [Decorations] CAPPING events from decorations provider vscode.git 256
[2022-02-07 15:23:59.388] [exthost] [warning] [Decorations] CAPPING events from decorations provider vscode.git 256
[2022-02-07 15:24:04.430] [exthost] [warning] [Decorations] CAPPING events from decorations provider vscode.git 256
[2022-02-07 15:24:09.478] [exthost] [warning] [Decorations] CAPPING events from decorations provider vscode.git 256
[2022-02-07 15:24:14.532] [exthost] [warning] [Decorations] CAPPING events from decorations provider vscode.git 256
[2022-02-07 15:24:19.590] [exthost] [warning] [Decorations] CAPPING events from decorations provider vscode.git 256
[2022-02-07 15:24:24.639] [exthost] [warning] [Decorations] CAPPING events from decorations provider vscode.git 256
[2022-02-07 15:24:29.689] [exthost] [warning] [Decorations] CAPPING events from decorations provider vscode.git 256
[2022-02-07 15:25:12.797] [exthost] [warning] [Decorations] CAPPING events from decorations provider vscode.git 256
[2022-02-07 15:25:17.841] [exthost] [warning] [Decorations] CAPPING events from decorations provider vscode.git 256
[2022-02-07 15:25:22.903] [exthost] [warning] [Decorations] CAPPING events from decorations provider vscode.git 256
[2022-02-07 15:25:27.936] [exthost] [warning] [Decorations] CAPPING events from decorations provider vscode.git 256
[2022-02-07 15:27:24.380] [exthost] [warning] [Decorations] CAPPING events from decorations provider vscode.git 256
[2022-02-07 15:27:29.427] [exthost] [warning] [Decorations] CAPPING events from decorations provider vscode.git 256
[2022-02-07 15:28:41.201] [exthost] [warning] [Decorations] CAPPING events from decorations provider vscode.git 256
[2022-02-07 15:28:46.251] [exthost] [warning] [Decorations] CAPPING events from decorations provider vscode.git 256
[2022-02-07 15:28:51.293] [exthost] [warning] [Decorations] CAPPING events from decorations provider vscode.git 256
[2022-02-07 15:28:56.340] [exthost] [warning] [Decorations] CAPPING events from decorations provider vscode.git 256
[2022-02-07 15:29:01.390] [exthost] [warning] [Decorations] CAPPING events from decorations provider vscode.git 256
[2022-02-07 15:29:22.371] [exthost] [warning] [Decorations] CAPPING events from decorations provider vscode.git 256
[2022-02-07 15:29:39.636] [exthost] [warning] [Decorations] CAPPING events from decorations provider vscode.git 256
[2022-02-07 15:29:47.242] [exthost] [warning] [Decorations] CAPPING events from decorations provider vscode.git 256
[2022-02-07 15:29:52.290] [exthost] [warning] [Decorations] CAPPING events from decorations provider vscode.git 256
[2022-02-07 15:29:57.337] [exthost] [warning] [Decorations] CAPPING events from decorations provider vscode.git 256
[2022-02-07 15:30:02.381] [exthost] [warning] [Decorations] CAPPING events from decorations provider vscode.git 256
[2022-02-07 15:32:30.152] [exthost] [warning] [Decorations] CAPPING events from decorations provider vscode.git 256
[2022-02-07 15:32:35.201] [exthost] [warning] [Decorations] CAPPING events from decorations provider vscode.git 256
[2022-02-07 15:32:40.239] [exthost] [warning] [Decorations] CAPPING events from decorations provider vscode.git 256
[2022-02-07 15:32:45.292] [exthost] [warning] [Decorations] CAPPING events from decorations provider vscode.git 256
[2022-02-07 15:33:36.762] [exthost] [warning] [Decorations] CAPPING events from decorations provider vscode.git 256
[2022-02-07 15:33:41.838] [exthost] [warning] [Decorations] CAPPING events from decorations provider vscode.git 256
[2022-02-07 15:33:46.882] [exthost] [warning] [Decorations] CAPPING events from decorations provider vscode.git 256
[2022-02-07 15:33:51.925] [exthost] [warning] [Decorations] CAPPING events from decorations provider vscode.git 256
[2022-02-07 15:33:56.986] [exthost] [warning] [Decorations] CAPPING events from decorations provider vscode.git 256
[2022-02-07 15:34:02.037] [exthost] [warning] [Decorations] CAPPING events from decorations provider vscode.git 256
[2022-02-07 15:35:13.449] [exthost] [warning] [Decorations] CAPPING events from decorations provider vscode.git 256
[2022-02-07 15:35:18.495] [exthost] [warning] [Decorations] CAPPING events from decorations provider vscode.git 256
[2022-02-07 15:35:23.541] [exthost] [warning] [Decorations] CAPPING events from decorations provider vscode.git 256
[2022-02-07 15:37:53.888] [exthost] [warning] [Decorations] CAPPING events from decorations provider vscode.git 256
[2022-02-07 15:37:58.936] [exthost] [warning] [Decorations] CAPPING events from decorations provider vscode.git 256
[2022-02-07 15:38:03.982] [exthost] [warning] [Decorations] CAPPING events from decorations provider vscode.git 256
[2022-02-07 15:38:09.022] [exthost] [warning] [Decorations] CAPPING events from decorations provider vscode.git 256
[2022-02-07 15:38:14.066] [exthost] [warning] [Decorations] CAPPING events from decorations provider vscode.git 256
[2022-02-07 15:38:19.122] [exthost] [warning] [Decorations] CAPPING events from decorations provider vscode.git 256
[2022-02-07 15:38:24.170] [exthost] [warning] [Decorations] CAPPING events from decorations provider vscode.git 256
[2022-02-07 15:38:29.218] [exthost] [warning] [Decorations] CAPPING events from decorations provider vscode.git 256
[2022-02-07 15:38:34.774] [exthost] [warning] [Decorations] CAPPING events from decorations provider vscode.git 256
[2022-02-07 15:38:39.829] [exthost] [warning] [Decorations] CAPPING events from decorations provider vscode.git 256
[2022-02-07 15:38:44.898] [exthost] [warning] [Decorations] CAPPING events from decorations provider vscode.git 256
[2022-02-07 15:39:38.231] [exthost] [warning] [Decorations] CAPPING events from decorations provider vscode.git 256
[2022-02-07 15:39:43.290] [exthost] [warning] [Decorations] CAPPING events from decorations provider vscode.git 256
[2022-02-07 15:39:48.333] [exthost] [warning] [Decorations] CAPPING events from decorations provider vscode.git 256
[2022-02-07 15:39:53.376] [exthost] [warning] [Decorations] CAPPING events from decorations provider vscode.git 256
[2022-02-07 15:39:58.416] [exthost] [warning] [Decorations] CAPPING events from decorations provider vscode.git 256
[2022-02-07 15:40:03.465] [exthost] [warning] [Decorations] CAPPING events from decorations provider vscode.git 256
[2022-02-07 15:41:04.595] [exthost] [warning] [Decorations] CAPPING events from decorations provider vscode.git 256
[2022-02-07 15:41:09.648] [exthost] [warning] [Decorations] CAPPING events from decorations provider vscode.git 256
[2022-02-07 15:41:14.693] [exthost] [warning] [Decorations] CAPPING events from decorations provider vscode.git 256
[2022-02-07 15:41:45.361] [exthost] [warning] [Decorations] CAPPING events from decorations provider vscode.git 256
[2022-02-07 15:41:50.406] [exthost] [warning] [Decorations] CAPPING events from decorations provider vscode.git 256
[2022-02-07 15:42:25.036] [exthost] [warning] [Decorations] CAPPING events from decorations provider vscode.git 256
[2022-02-07 15:42:30.087] [exthost] [warning] [Decorations] CAPPING events from decorations provider vscode.git 256
[2022-02-07 15:43:15.244] [exthost] [warning] [Decorations] CAPPING events from decorations provider vscode.git 256
[2022-02-07 15:43:20.296] [exthost] [warning] [Decorations] CAPPING events from decorations provider vscode.git 256
[2022-02-07 15:43:25.333] [exthost] [warning] [Decorations] CAPPING events from decorations provider vscode.git 256
[2022-02-07 15:43:42.295] [exthost] [warning] [Decorations] CAPPING events from decorations provider vscode.git 256
[2022-02-07 15:43:47.346] [exthost] [warning] [Decorations] CAPPING events from decorations provider vscode.git 256
[2022-02-07 15:43:52.394] [exthost] [warning] [Decorations] CAPPING events from decorations provider vscode.git 256
[2022-02-07 15:44:15.289] [exthost] [warning] [Decorations] CAPPING events from decorations provider vscode.git 256
[2022-02-07 15:44:20.330] [exthost] [warning] [Decorations] CAPPING events from decorations provider vscode.git 256
[2022-02-07 15:44:25.376] [exthost] [warning] [Decorations] CAPPING events from decorations provider vscode.git 256
[2022-02-07 15:48:19.350] [exthost] [warning] [Decorations] CAPPING events from decorations provider vscode.git 256
[2022-02-07 15:48:25.791] [exthost] [warning] [Decorations] CAPPING events from decorations provider vscode.git 256
[2022-02-07 15:48:30.847] [exthost] [warning] [Decorations] CAPPING events from decorations provider vscode.git 256
[2022-02-07 15:48:35.900] [exthost] [warning] [Decorations] CAPPING events from decorations provider vscode.git 256
[2022-02-07 15:48:40.951] [exthost] [warning] [Decorations] CAPPING events from decorations provider vscode.git 256
[2022-02-07 15:48:46.001] [exthost] [warning] [Decorations] CAPPING events from decorations provider vscode.git 256
[2022-02-07 15:48:51.045] [exthost] [warning] [Decorations] CAPPING events from decorations provider vscode.git 256
[2022-02-07 15:48:58.463] [exthost] [warning] [Decorations] CAPPING events from decorations provider vscode.git 256
[2022-02-07 15:49:03.501] [exthost] [warning] [Decorations] CAPPING events from decorations provider vscode.git 256
[2022-02-07 15:49:08.529] [exthost] [warning] [Decorations] CAPPING events from decorations provider vscode.git 256
[2022-02-07 15:50:40.289] [exthost] [warning] [Decorations] CAPPING events from decorations provider vscode.git 256
[2022-02-07 15:50:45.336] [exthost] [warning] [Decorations] CAPPING events from decorations provider vscode.git 256
[2022-02-07 15:50:50.395] [exthost] [warning] [Decorations] CAPPING events from decorations provider vscode.git 256
[2022-02-07 15:52:31.387] [exthost] [warning] [Decorations] CAPPING events from decorations provider vscode.git 256
[2022-02-07 15:52:36.442] [exthost] [warning] [Decorations] CAPPING events from decorations provider vscode.git 256
[2022-02-07 15:53:31.042] [exthost] [warning] [Decorations] CAPPING events from decorations provider vscode.git 256
[2022-02-07 15:53:36.084] [exthost] [warning] [Decorations] CAPPING events from decorations provider vscode.git 256
[2022-02-07 15:53:41.119] [exthost] [warning] [Decorations] CAPPING events from decorations provider vscode.git 256
[2022-02-07 15:53:46.168] [exthost] [warning] [Decorations] CAPPING events from decorations provider vscode.git 256
[2022-02-07 15:54:38.108] [exthost] [warning] [Decorations] CAPPING events from decorations provider vscode.git 256
[2022-02-07 15:57:08.460] [exthost] [warning] [Decorations] CAPPING events from decorations provider vscode.git 256
[2022-02-07 15:57:13.515] [exthost] [warning] [Decorations] CAPPING events from decorations provider vscode.git 256
[2022-02-07 15:57:19.089] [exthost] [warning] [Decorations] CAPPING events from decorations provider vscode.git 256
[2022-02-07 15:57:24.134] [exthost] [warning] [Decorations] CAPPING events from decorations provider vscode.git 256
[2022-02-07 15:57:29.176] [exthost] [warning] [Decorations] CAPPING events from decorations provider vscode.git 256
[2022-02-07 15:57:34.225] [exthost] [warning] [Decorations] CAPPING events from decorations provider vscode.git 256
[2022-02-07 15:57:39.271] [exthost] [warning] [Decorations] CAPPING events from decorations provider vscode.git 256
[2022-02-07 15:57:44.306] [exthost] [warning] [Decorations] CAPPING events from decorations provider vscode.git 256
[2022-02-07 15:57:49.352] [exthost] [warning] [Decorations] CAPPING events from decorations provider vscode.git 256
[2022-02-07 15:57:54.396] [exthost] [warning] [Decorations] CAPPING events from decorations provider vscode.git 256
[2022-02-07 15:57:59.433] [exthost] [warning] [Decorations] CAPPING events from decorations provider vscode.git 256
[2022-02-07 15:58:04.478] [exthost] [warning] [Decorations] CAPPING events from decorations provider vscode.git 256
[2022-02-07 15:58:09.522] [exthost] [warning] [Decorations] CAPPING events from decorations provider vscode.git 256
[2022-02-07 15:58:14.562] [exthost] [warning] [Decorations] CAPPING events from decorations provider vscode.git 256
[2022-02-07 15:58:19.604] [exthost] [warning] [Decorations] CAPPING events from decorations provider vscode.git 256
[2022-02-07 15:58:24.643] [exthost] [warning] [Decorations] CAPPING events from decorations provider vscode.git 256
[2022-02-07 15:58:29.693] [exthost] [warning] [Decorations] CAPPING events from decorations provider vscode.git 256
[2022-02-07 15:58:34.745] [exthost] [warning] [Decorations] CAPPING events from decorations provider vscode.git 256
[2022-02-07 15:58:39.797] [exthost] [warning] [Decorations] CAPPING events from decorations provider vscode.git 256
[2022-02-07 15:58:44.844] [exthost] [warning] [Decorations] CAPPING events from decorations provider vscode.git 256
[2022-02-07 15:58:49.895] [exthost] [warning] [Decorations] CAPPING events from decorations provider vscode.git 256
[2022-02-07 15:58:54.947] [exthost] [warning] [Decorations] CAPPING events from decorations provider vscode.git 256
[2022-02-07 15:58:59.992] [exthost] [warning] [Decorations] CAPPING events from decorations provider vscode.git 256
[2022-02-07 15:59:05.042] [exthost] [warning] [Decorations] CAPPING events from decorations provider vscode.git 256
[2022-02-07 15:59:10.092] [exthost] [warning] [Decorations] CAPPING events from decorations provider vscode.git 256
[2022-02-07 15:59:15.142] [exthost] [warning] [Decorations] CAPPING events from decorations provider vscode.git 256
[2022-02-07 15:59:20.193] [exthost] [warning] [Decorations] CAPPING events from decorations provider vscode.git 256
[2022-02-07 15:59:25.242] [exthost] [warning] [Decorations] CAPPING events from decorations provider vscode.git 256
[2022-02-07 15:59:30.289] [exthost] [warning] [Decorations] CAPPING events from decorations provider vscode.git 256
[2022-02-07 15:59:35.345] [exthost] [warning] [Decorations] CAPPING events from decorations provider vscode.git 256
[2022-02-07 15:59:40.393] [exthost] [warning] [Decorations] CAPPING events from decorations provider vscode.git 256
[2022-02-07 15:59:45.449] [exthost] [warning] [Decorations] CAPPING events from decorations provider vscode.git 256
[2022-02-07 15:59:50.503] [exthost] [warning] [Decorations] CAPPING events from decorations provider vscode.git 256
[2022-02-07 15:59:55.549] [exthost] [warning] [Decorations] CAPPING events from decorations provider vscode.git 256
[2022-02-07 16:00:00.582] [exthost] [warning] [Decorations] CAPPING events from decorations provider vscode.git 256
[2022-02-07 16:00:05.632] [exthost] [warning] [Decorations] CAPPING events from decorations provider vscode.git 256
[2022-02-07 16:00:13.834] [exthost] [warning] [Decorations] CAPPING events from decorations provider vscode.git 256
[2022-02-07 16:00:18.884] [exthost] [warning] [Decorations] CAPPING events from decorations provider vscode.git 256
[2022-02-07 16:00:23.938] [exthost] [warning] [Decorations] CAPPING events from decorations provider vscode.git 256
[2022-02-07 16:00:28.985] [exthost] [warning] [Decorations] CAPPING events from decorations provider vscode.git 256
[2022-02-07 16:00:34.029] [exthost] [warning] [Decorations] CAPPING events from decorations provider vscode.git 256
[2022-02-07 16:00:39.077] [exthost] [warning] [Decorations] CAPPING events from decorations provider vscode.git 256
[2022-02-07 16:00:44.125] [exthost] [warning] [Decorations] CAPPING events from decorations provider vscode.git 256
[2022-02-07 16:00:49.171] [exthost] [warning] [Decorations] CAPPING events from decorations provider vscode.git 256
[2022-02-07 16:00:54.218] [exthost] [warning] [Decorations] CAPPING events from decorations provider vscode.git 256
[2022-02-07 16:00:59.270] [exthost] [warning] [Decorations] CAPPING events from decorations provider vscode.git 256
[2022-02-07 16:01:04.314] [exthost] [warning] [Decorations] CAPPING events from decorations provider vscode.git 256
[2022-02-07 16:01:09.364] [exthost] [warning] [Decorations] CAPPING events from decorations provider vscode.git 256
[2022-02-07 16:01:14.415] [exthost] [warning] [Decorations] CAPPING events from decorations provider vscode.git 256
[2022-02-07 16:01:19.466] [exthost] [warning] [Decorations] CAPPING events from decorations provider vscode.git 256
[2022-02-07 16:01:24.513] [exthost] [warning] [Decorations] CAPPING events from decorations provider vscode.git 256
[2022-02-07 16:01:29.563] [exthost] [warning] [Decorations] CAPPING events from decorations provider vscode.git 256
[2022-02-07 16:01:34.617] [exthost] [warning] [Decorations] CAPPING events from decorations provider vscode.git 256
[2022-02-07 16:01:39.668] [exthost] [warning] [Decorations] CAPPING events from decorations provider vscode.git 256
[2022-02-07 16:01:44.711] [exthost] [warning] [Decorations] CAPPING events from decorations provider vscode.git 256
[2022-02-07 16:01:54.181] [exthost] [warning] [Decorations] CAPPING events from decorations provider vscode.git 256
[2022-02-07 16:01:59.233] [exthost] [warning] [Decorations] CAPPING events from decorations provider vscode.git 256
[2022-02-07 16:02:04.276] [exthost] [warning] [Decorations] CAPPING events from decorations provider vscode.git 256
[2022-02-07 16:02:09.319] [exthost] [warning] [Decorations] CAPPING events from decorations provider vscode.git 256
[2022-02-07 16:02:14.367] [exthost] [warning] [Decorations] CAPPING events from decorations provider vscode.git 256
[2022-02-07 16:02:19.417] [exthost] [warning] [Decorations] CAPPING events from decorations provider vscode.git 256
[2022-02-07 16:02:24.459] [exthost] [warning] [Decorations] CAPPING events from decorations provider vscode.git 256
[2022-02-07 16:02:29.513] [exthost] [warning] [Decorations] CAPPING events from decorations provider vscode.git 256
[2022-02-07 16:02:34.556] [exthost] [warning] [Decorations] CAPPING events from decorations provider vscode.git 256
[2022-02-07 16:02:39.596] [exthost] [warning] [Decorations] CAPPING events from decorations provider vscode.git 256
[2022-02-07 16:02:44.633] [exthost] [warning] [Decorations] CAPPING events from decorations provider vscode.git 256
[2022-02-07 16:02:49.678] [exthost] [warning] [Decorations] CAPPING events from decorations provider vscode.git 256
[2022-02-07 16:02:54.724] [exthost] [warning] [Decorations] CAPPING events from decorations provider vscode.git 256
[2022-02-07 16:02:59.774] [exthost] [warning] [Decorations] CAPPING events from decorations provider vscode.git 256
[2022-02-07 16:03:04.823] [exthost] [warning] [Decorations] CAPPING events from decorations provider vscode.git 256
[2022-02-07 16:03:09.869] [exthost] [warning] [Decorations] CAPPING events from decorations provider vscode.git 256
[2022-02-07 16:03:14.913] [exthost] [warning] [Decorations] CAPPING events from decorations provider vscode.git 256
[2022-02-07 16:03:19.964] [exthost] [warning] [Decorations] CAPPING events from decorations provider vscode.git 256
[2022-02-07 16:03:25.008] [exthost] [warning] [Decorations] CAPPING events from decorations provider vscode.git 256
[2022-02-07 16:03:30.057] [exthost] [warning] [Decorations] CAPPING events from decorations provider vscode.git 256
[2022-02-07 16:03:35.103] [exthost] [warning] [Decorations] CAPPING events from decorations provider vscode.git 256
[2022-02-07 16:03:40.150] [exthost] [warning] [Decorations] CAPPING events from decorations provider vscode.git 256
[2022-02-07 16:03:45.197] [exthost] [warning] [Decorations] CAPPING events from decorations provider vscode.git 256
[2022-02-07 16:03:50.244] [exthost] [warning] [Decorations] CAPPING events from decorations provider vscode.git 256
[2022-02-07 16:03:55.283] [exthost] [warning] [Decorations] CAPPING events from decorations provider vscode.git 256
[2022-02-07 16:04:00.329] [exthost] [warning] [Decorations] CAPPING events from decorations provider vscode.git 256
[2022-02-07 16:04:05.376] [exthost] [warning] [Decorations] CAPPING events from decorations provider vscode.git 256
[2022-02-07 16:04:10.468] [exthost] [warning] [Decorations] CAPPING events from decorations provider vscode.git 256
[2022-02-07 16:04:15.557] [exthost] [warning] [Decorations] CAPPING events from decorations provider vscode.git 256
[2022-02-07 16:04:20.599] [exthost] [warning] [Decorations] CAPPING events from decorations provider vscode.git 256
[2022-02-07 16:04:25.645] [exthost] [warning] [Decorations] CAPPING events from decorations provider vscode.git 256
[2022-02-07 16:04:30.691] [exthost] [warning] [Decorations] CAPPING events from decorations provider vscode.git 256
[2022-02-07 16:04:35.729] [exthost] [warning] [Decorations] CAPPING events from decorations provider vscode.git 256
[2022-02-07 16:04:40.777] [exthost] [warning] [Decorations] CAPPING events from decorations provider vscode.git 256
[2022-02-07 16:04:45.826] [exthost] [warning] [Decorations] CAPPING events from decorations provider vscode.git 256
[2022-02-07 16:04:50.877] [exthost] [warning] [Decorations] CAPPING events from decorations provider vscode.git 256
[2022-02-07 16:04:55.924] [exthost] [warning] [Decorations] CAPPING events from decorations provider vscode.git 256
[2022-02-07 16:05:00.972] [exthost] [warning] [Decorations] CAPPING events from decorations provider vscode.git 256
[2022-02-07 16:05:06.017] [exthost] [warning] [Decorations] CAPPING events from decorations provider vscode.git 256
[2022-02-07 16:05:11.069] [exthost] [warning] [Decorations] CAPPING events from decorations provider vscode.git 256
[2022-02-07 16:05:16.119] [exthost] [warning] [Decorations] CAPPING events from decorations provider vscode.git 256
[2022-02-07 16:05:21.163] [exthost] [warning] [Decorations] CAPPING events from decorations provider vscode.git 256
[2022-02-07 16:05:26.207] [exthost] [warning] [Decorations] CAPPING events from decorations provider vscode.git 256
[2022-02-07 16:05:31.262] [exthost] [warning] [Decorations] CAPPING events from decorations provider vscode.git 256
[2022-02-07 16:05:36.343] [exthost] [warning] [Decorations] CAPPING events from decorations provider vscode.git 256
[2022-02-07 16:06:06.850] [exthost] [warning] [Decorations] CAPPING events from decorations provider vscode.git 256
[2022-02-07 16:06:11.891] [exthost] [warning] [Decorations] CAPPING events from decorations provider vscode.git 256
[2022-02-07 16:06:16.942] [exthost] [warning] [Decorations] CAPPING events from decorations provider vscode.git 256
[2022-02-07 16:06:21.986] [exthost] [warning] [Decorations] CAPPING events from decorations provider vscode.git 256
[2022-02-07 16:06:27.032] [exthost] [warning] [Decorations] CAPPING events from decorations provider vscode.git 256
[2022-02-07 16:06:32.076] [exthost] [warning] [Decorations] CAPPING events from decorations provider vscode.git 256
[2022-02-07 16:06:37.140] [exthost] [warning] [Decorations] CAPPING events from decorations provider vscode.git 256
[2022-02-07 16:06:42.173] [exthost] [warning] [Decorations] CAPPING events from decorations provider vscode.git 256
[2022-02-07 16:06:47.205] [exthost] [warning] [Decorations] CAPPING events from decorations provider vscode.git 256
[2022-02-07 16:06:52.244] [exthost] [warning] [Decorations] CAPPING events from decorations provider vscode.git 256
[2022-02-07 16:06:57.296] [exthost] [warning] [Decorations] CAPPING events from decorations provider vscode.git 256
[2022-02-07 16:07:02.334] [exthost] [warning] [Decorations] CAPPING events from decorations provider vscode.git 256
[2022-02-07 16:07:07.369] [exthost] [warning] [Decorations] CAPPING events from decorations provider vscode.git 256
[2022-02-07 16:07:12.424] [exthost] [warning] [Decorations] CAPPING events from decorations provider vscode.git 256
[2022-02-07 16:07:43.062] [exthost] [warning] [Decorations] CAPPING events from decorations provider vscode.git 256
[2022-02-07 16:07:48.112] [exthost] [warning] [Decorations] CAPPING events from decorations provider vscode.git 256
[2022-02-07 16:07:53.150] [exthost] [warning] [Decorations] CAPPING events from decorations provider vscode.git 256
[2022-02-07 16:12:36.236] [exthost] [warning] [Decorations] CAPPING events from decorations provider vscode.git 256
[2022-02-07 16:12:41.287] [exthost] [warning] [Decorations] CAPPING events from decorations provider vscode.git 256
[2022-02-07 16:12:46.331] [exthost] [warning] [Decorations] CAPPING events from decorations provider vscode.git 256
[2022-02-07 16:12:51.381] [exthost] [warning] [Decorations] CAPPING events from decorations provider vscode.git 256
[2022-02-07 16:12:56.418] [exthost] [warning] [Decorations] CAPPING events from decorations provider vscode.git 256
[2022-02-07 16:12:59.218] [exthost] [info] extension host terminating: renderer closed the socket
[2022-02-07 16:13:01.436] [exthost] [info] Extension host with pid 56416 exiting with code 0
